[21-Jun-2024 21:13:48 UTC] PHP Warning:  require_once(C:\xampp\htdocs\Laboratorio\wordpress\wp-content\plugins\my-widgets/widgets/sketchfab.php): Failed to open stream: No such file or directory in C:\xampp\htdocs\Laboratorio\wordpress\wp-content\plugins\my-widgets\my-widgets.php on line 25
[21-Jun-2024 21:13:48 UTC] PHP Fatal error:  Uncaught Error: Failed opening required 'C:\xampp\htdocs\Laboratorio\wordpress\wp-content\plugins\my-widgets/widgets/sketchfab.php' (include_path='C:\xampp\php\PEAR') in C:\xampp\htdocs\Laboratorio\wordpress\wp-content\plugins\my-widgets\my-widgets.php:25
Stack trace:
#0 C:\xampp\htdocs\Laboratorio\wordpress\wp-admin\includes\plugin.php(2389): include_once()
#1 C:\xampp\htdocs\Laboratorio\wordpress\wp-admin\includes\plugin.php(675): plugin_sandbox_scrape('my-widgets/my-w...')
#2 C:\xampp\htdocs\Laboratorio\wordpress\wp-admin\plugins.php(60): activate_plugin('my-widgets/my-w...', 'http://localhos...', false)
#3 {main}
  thrown in C:\xampp\htdocs\Laboratorio\wordpress\wp-content\plugins\my-widgets\my-widgets.php on line 25
[21-Jun-2024 21:17:45 UTC] PHP Warning:  require_once(C:\xampp\htdocs\Laboratorio\wordpress\wp-content\plugins\my-widgets/widgets/sketchfab.php): Failed to open stream: No such file or directory in C:\xampp\htdocs\Laboratorio\wordpress\wp-content\plugins\my-widgets\my-widgets.php on line 25
[21-Jun-2024 21:17:45 UTC] PHP Fatal error:  Uncaught Error: Failed opening required 'C:\xampp\htdocs\Laboratorio\wordpress\wp-content\plugins\my-widgets/widgets/sketchfab.php' (include_path='C:\xampp\php\PEAR') in C:\xampp\htdocs\Laboratorio\wordpress\wp-content\plugins\my-widgets\my-widgets.php:25
Stack trace:
#0 C:\xampp\htdocs\Laboratorio\wordpress\wp-admin\includes\plugin.php(2389): include_once()
#1 C:\xampp\htdocs\Laboratorio\wordpress\wp-admin\includes\plugin.php(675): plugin_sandbox_scrape('my-widgets/my-w...')
#2 C:\xampp\htdocs\Laboratorio\wordpress\wp-admin\plugins.php(60): activate_plugin('my-widgets/my-w...', 'http://localhos...', false)
#3 {main}
  thrown in C:\xampp\htdocs\Laboratorio\wordpress\wp-content\plugins\my-widgets\my-widgets.php on line 25
[21-Jun-2024 21:24:53 UTC] Error de evento de reprogramación de Cron para la función "hook": elementor_1_elementor_updater_cron, código de error: invalid_schedule, mensaje de error: El programa del evento no existe., datos: {"schedule":"elementor_1_elementor_updater_cron_interval","args":[],"interval":300}
[21-Jun-2024 21:25:58 UTC] PHP Warning:  require_once(C:\xampp\htdocs\Laboratorio\wordpress\wp-content\plugins\my-widgets/widgets/sketchfab.php): Failed to open stream: No such file or directory in C:\xampp\htdocs\Laboratorio\wordpress\wp-content\plugins\my-widgets\my-widgets.php on line 25
[21-Jun-2024 21:25:58 UTC] PHP Fatal error:  Uncaught Error: Failed opening required 'C:\xampp\htdocs\Laboratorio\wordpress\wp-content\plugins\my-widgets/widgets/sketchfab.php' (include_path='C:\xampp\php\PEAR') in C:\xampp\htdocs\Laboratorio\wordpress\wp-content\plugins\my-widgets\my-widgets.php:25
Stack trace:
#0 C:\xampp\htdocs\Laboratorio\wordpress\wp-admin\includes\plugin.php(2389): include_once()
#1 C:\xampp\htdocs\Laboratorio\wordpress\wp-admin\includes\plugin.php(675): plugin_sandbox_scrape('my-widgets/my-w...')
#2 C:\xampp\htdocs\Laboratorio\wordpress\wp-admin\plugins.php(60): activate_plugin('my-widgets/my-w...', 'http://localhos...', false)
#3 {main}
  thrown in C:\xampp\htdocs\Laboratorio\wordpress\wp-content\plugins\my-widgets\my-widgets.php on line 25
[21-Jun-2024 21:28:57 UTC] PHP Warning:  require_once(C:\xampp\htdocs\Laboratorio\wordpress\wp-content\plugins\my-widgets/widgets/sketchfab.php): Failed to open stream: No such file or directory in C:\xampp\htdocs\Laboratorio\wordpress\wp-content\plugins\my-widgets\my-widgets.php on line 25
[21-Jun-2024 21:28:57 UTC] PHP Fatal error:  Uncaught Error: Failed opening required 'C:\xampp\htdocs\Laboratorio\wordpress\wp-content\plugins\my-widgets/widgets/sketchfab.php' (include_path='C:\xampp\php\PEAR') in C:\xampp\htdocs\Laboratorio\wordpress\wp-content\plugins\my-widgets\my-widgets.php:25
Stack trace:
#0 C:\xampp\htdocs\Laboratorio\wordpress\wp-admin\includes\plugin.php(2389): include_once()
#1 C:\xampp\htdocs\Laboratorio\wordpress\wp-admin\includes\plugin.php(675): plugin_sandbox_scrape('my-widgets/my-w...')
#2 C:\xampp\htdocs\Laboratorio\wordpress\wp-admin\plugins.php(60): activate_plugin('my-widgets/my-w...', 'http://localhos...', false)
#3 {main}
  thrown in C:\xampp\htdocs\Laboratorio\wordpress\wp-content\plugins\my-widgets\my-widgets.php on line 25
[21-Jun-2024 23:35:13 UTC] PHP Warning:  require_once(C:\xampp\htdocs\Laboratorio\wordpress\wp-content\plugins\my-widgets/widgets/sketchfab.php): Failed to open stream: No such file or directory in C:\xampp\htdocs\Laboratorio\wordpress\wp-content\plugins\my-widgets\my-widgets.php on line 25
[21-Jun-2024 23:35:13 UTC] PHP Fatal error:  Uncaught Error: Failed opening required 'C:\xampp\htdocs\Laboratorio\wordpress\wp-content\plugins\my-widgets/widgets/sketchfab.php' (include_path='C:\xampp\php\PEAR') in C:\xampp\htdocs\Laboratorio\wordpress\wp-content\plugins\my-widgets\my-widgets.php:25
Stack trace:
#0 C:\xampp\htdocs\Laboratorio\wordpress\wp-admin\includes\plugin.php(2389): include_once()
#1 C:\xampp\htdocs\Laboratorio\wordpress\wp-admin\includes\plugin.php(675): plugin_sandbox_scrape('my-widgets/my-w...')
#2 C:\xampp\htdocs\Laboratorio\wordpress\wp-admin\plugins.php(60): activate_plugin('my-widgets/my-w...', 'http://localhos...', false)
#3 {main}
  thrown in C:\xampp\htdocs\Laboratorio\wordpress\wp-content\plugins\my-widgets\my-widgets.php on line 25
[21-Jun-2024 23:36:00 UTC] PHP Warning:  require_once(C:\xampp\htdocs\Laboratorio\wordpress\wp-content\plugins\my-widgets/widgets/sketchfab.php): Failed to open stream: No such file or directory in C:\xampp\htdocs\Laboratorio\wordpress\wp-content\plugins\my-widgets\my-widgets.php on line 25
[21-Jun-2024 23:36:00 UTC] PHP Fatal error:  Uncaught Error: Failed opening required 'C:\xampp\htdocs\Laboratorio\wordpress\wp-content\plugins\my-widgets/widgets/sketchfab.php' (include_path='C:\xampp\php\PEAR') in C:\xampp\htdocs\Laboratorio\wordpress\wp-content\plugins\my-widgets\my-widgets.php:25
Stack trace:
#0 C:\xampp\htdocs\Laboratorio\wordpress\wp-admin\includes\plugin.php(2389): include_once()
#1 C:\xampp\htdocs\Laboratorio\wordpress\wp-admin\includes\plugin.php(675): plugin_sandbox_scrape('my-widgets/my-w...')
#2 C:\xampp\htdocs\Laboratorio\wordpress\wp-admin\plugins.php(60): activate_plugin('my-widgets/my-w...', 'http://localhos...', false)
#3 {main}
  thrown in C:\xampp\htdocs\Laboratorio\wordpress\wp-content\plugins\my-widgets\my-widgets.php on line 25
[21-Jun-2024 23:37:02 UTC] PHP Warning:  require_once(C:\xampp\htdocs\Laboratorio\wordpress\wp-content\plugins\my-widgets/widgets/sketchfab.php): Failed to open stream: No such file or directory in C:\xampp\htdocs\Laboratorio\wordpress\wp-content\plugins\my-widgets\my-widgets.php on line 25
[21-Jun-2024 23:37:02 UTC] PHP Fatal error:  Uncaught Error: Failed opening required 'C:\xampp\htdocs\Laboratorio\wordpress\wp-content\plugins\my-widgets/widgets/sketchfab.php' (include_path='C:\xampp\php\PEAR') in C:\xampp\htdocs\Laboratorio\wordpress\wp-content\plugins\my-widgets\my-widgets.php:25
Stack trace:
#0 C:\xampp\htdocs\Laboratorio\wordpress\wp-admin\includes\plugin.php(2389): include_once()
#1 C:\xampp\htdocs\Laboratorio\wordpress\wp-admin\includes\plugin.php(675): plugin_sandbox_scrape('my-widgets/my-w...')
#2 C:\xampp\htdocs\Laboratorio\wordpress\wp-admin\plugins.php(60): activate_plugin('my-widgets/my-w...', 'http://localhos...', false)
#3 {main}
  thrown in C:\xampp\htdocs\Laboratorio\wordpress\wp-content\plugins\my-widgets\my-widgets.php on line 25
[22-Jun-2024 19:25:37 UTC] PHP Parse error:  syntax error, unexpected token "require_once" in C:\xampp\htdocs\Laboratorio\wordpress\wp-content\plugins\my-widgets\my-widgets.php on line 30
[22-Jun-2024 19:30:04 UTC] PHP Deprecated:  ¡La función print_emoji_styles ha quedado obsoleta desde la versión 6.4.0! Usa wp_enqueue_emoji_styles en su lugar. in C:\xampp\htdocs\Laboratorio\wordpress\wp-includes\functions.php on line 6078
[22-Jun-2024 19:46:37 UTC] PHP Parse error:  syntax error, unexpected token "}" in C:\xampp\htdocs\Laboratorio\wordpress\wp-content\plugins\my-widgets\my-widgets.php on line 28
[22-Jun-2024 21:15:08 UTC] PHP Parse error:  syntax error, unexpected token "}" in C:\xampp\htdocs\Laboratorio\wordpress\wp-content\plugins\my-widgets\my-widgets.php on line 30
